The system is: Linux - 5.4.0-58-generic - x86_64
Compiling the C compiler identification source file "CMakeCCompilerId.c" succeeded.
Compiler: /opt/apps/ossw/applications/gcc/gcc-8.2/ubt18/bin/gcc 
Build flags: 
Id flags:  

The output was:
0


Compilation of the C compiler identification source "CMakeCCompilerId.c" produced "a.out"

The C compiler identification is GNU, found in "/net/ohm/export/cdgc/michael/EDA/asyncvlsi/PhyDB/build/CMakeFiles/3.10.2/CompilerIdC/a.out"

Compiling the CXX compiler identification source file "CMakeCXXCompilerId.cpp" succeeded.
Compiler: /opt/apps/ossw/applications/gcc/gcc-8.2/ubt18/bin/g++ 
Build flags: 
Id flags:  

The output was:
0


Compilation of the CXX compiler identification source "CMakeCXXCompilerId.cpp" produced "a.out"

The CXX compiler identification is GNU, found in "/net/ohm/export/cdgc/michael/EDA/asyncvlsi/PhyDB/build/CMakeFiles/3.10.2/CompilerIdCXX/a.out"

Determining if the C compiler works passed with the following output:
Change Dir: /net/ohm/export/cdgc/michael/EDA/asyncvlsi/PhyDB/build/CMakeFiles/CMakeTmp

Run Build Command:"/usr/bin/make" "cmTC_f8274/fast"
/usr/bin/make -f CMakeFiles/cmTC_f8274.dir/build.make CMakeFiles/cmTC_f8274.dir/build
make[1]: Entering directory '/net/ohm/export/cdgc/michael/EDA/asyncvlsi/PhyDB/build/CMakeFiles/CMakeTmp'
Building C object CMakeFiles/cmTC_f8274.dir/testCCompiler.c.o
/opt/apps/ossw/applications/gcc/gcc-8.2/ubt18/bin/gcc    -o CMakeFiles/cmTC_f8274.dir/testCCompiler.c.o   -c /net/ohm/export/cdgc/michael/EDA/asyncvlsi/PhyDB/build/CMakeFiles/CMakeTmp/testCCompiler.c
Linking C executable cmTC_f8274
/usr/bin/cmake -E cmake_link_script CMakeFiles/cmTC_f8274.dir/link.txt --verbose=1
/opt/apps/ossw/applications/gcc/gcc-8.2/ubt18/bin/gcc      CMakeFiles/cmTC_f8274.dir/testCCompiler.c.o  -o cmTC_f8274 
make[1]: Leaving directory '/net/ohm/export/cdgc/michael/EDA/asyncvlsi/PhyDB/build/CMakeFiles/CMakeTmp'


Detecting C compiler ABI info compiled with the following output:
Change Dir: /net/ohm/export/cdgc/michael/EDA/asyncvlsi/PhyDB/build/CMakeFiles/CMakeTmp

Run Build Command:"/usr/bin/make" "cmTC_99956/fast"
/usr/bin/make -f CMakeFiles/cmTC_99956.dir/build.make CMakeFiles/cmTC_99956.dir/build
make[1]: Entering directory '/net/ohm/export/cdgc/michael/EDA/asyncvlsi/PhyDB/build/CMakeFiles/CMakeTmp'
Building C object CMakeFiles/cmTC_99956.dir/CMakeCCompilerABI.c.o
/opt/apps/ossw/applications/gcc/gcc-8.2/ubt18/bin/gcc    -o CMakeFiles/cmTC_99956.dir/CMakeCCompilerABI.c.o   -c /usr/share/cmake-3.10/Modules/CMakeCCompilerABI.c
Linking C executable cmTC_99956
/usr/bin/cmake -E cmake_link_script CMakeFiles/cmTC_99956.dir/link.txt --verbose=1
/opt/apps/ossw/applications/gcc/gcc-8.2/ubt18/bin/gcc     -v CMakeFiles/cmTC_99956.dir/CMakeCCompilerABI.c.o  -o cmTC_99956 
Using built-in specs.
COLLECT_GCC=/opt/apps/ossw/applications/gcc/gcc-8.2/ubt18/bin/gcc
COLLECT_LTO_WRAPPER=/opt/apps/ossw/applications/gcc/gcc-8.2/ubt18/libexec/gcc/x86_64-linux/8.2.0/lto-wrapper
Target: x86_64-linux
Configured with: /opt/apps/ossw/sourcesdir/gcc/gcc-8.2.0/configure --prefix=/opt/apps/ossw/applications/gcc/gcc-8.2/ubt18 --with-gmp=/opt/apps/ossw/libraries/gmp/gmp-6.1.2/ubt18 --with-mpfr=/opt/apps/ossw/libraries/mpfr/mpfr-4.0.2/ubt18 --with-mpc=/opt/apps/ossw/libraries/mpc/mpc-1.1.0/ubt18 --host=x86_64-linux --with-arch=nehalem --with-tune=broadwell --disable-multilib --enable-languages=c,c++,fortran --enable-lto
Thread model: posix
gcc version 8.2.0 (GCC) 
COMPILER_PATH=/opt/apps/ossw/applications/gcc/gcc-8.2/ubt18/libexec/gcc/x86_64-linux/8.2.0/:/opt/apps/ossw/applications/gcc/gcc-8.2/ubt18/libexec/gcc/x86_64-linux/8.2.0/:/opt/apps/ossw/applications/gcc/gcc-8.2/ubt18/libexec/gcc/x86_64-linux/:/opt/apps/ossw/applications/gcc/gcc-8.2/ubt18/lib/gcc/x86_64-linux/8.2.0/:/opt/apps/ossw/applications/gcc/gcc-8.2/ubt18/lib/gcc/x86_64-linux/
LIBRARY_PATH=/opt/apps/ossw/applications/gcc/gcc-8.2/ubt18/lib/gcc/x86_64-linux/8.2.0/:/opt/apps/ossw/applications/gcc/gcc-8.2/ubt18/lib/gcc/x86_64-linux/8.2.0/../../../../lib64/:/lib/x86_64-linux-gnu/:/lib/../lib64/:/usr/lib/x86_64-linux-gnu/:/opt/apps/ossw/applications/gcc/gcc-8.2/ubt18/lib/gcc/x86_64-linux/8.2.0/../../../:/lib/:/usr/lib/
COLLECT_GCC_OPTIONS='-v' '-o' 'cmTC_99956' '-mtune=broadwell' '-march=nehalem'
 /opt/apps/ossw/applications/gcc/gcc-8.2/ubt18/libexec/gcc/x86_64-linux/8.2.0/collect2 -plugin /opt/apps/ossw/applications/gcc/gcc-8.2/ubt18/libexec/gcc/x86_64-linux/8.2.0/liblto_plugin.so -plugin-opt=/opt/apps/ossw/applications/gcc/gcc-8.2/ubt18/libexec/gcc/x86_64-linux/8.2.0/lto-wrapper -plugin-opt=-fresolution=/tmp/ccvuwVhN.res -plugin-opt=-pass-through=-lgcc -plugin-opt=-pass-through=-lgcc_s -plugin-opt=-pass-through=-lc -plugin-opt=-pass-through=-lgcc -plugin-opt=-pass-through=-lgcc_s --eh-frame-hdr -m elf_x86_64 -dynamic-linker /lib64/ld-linux-x86-64.so.2 -o cmTC_99956 /usr/lib/x86_64-linux-gnu/crt1.o /usr/lib/x86_64-linux-gnu/crti.o /opt/apps/ossw/applications/gcc/gcc-8.2/ubt18/lib/gcc/x86_64-linux/8.2.0/crtbegin.o -L/opt/apps/ossw/applications/gcc/gcc-8.2/ubt18/lib/gcc/x86_64-linux/8.2.0 -L/opt/apps/ossw/applications/gcc/gcc-8.2/ubt18/lib/gcc/x86_64-linux/8.2.0/../../../../lib64 -L/lib/x86_64-linux-gnu -L/lib/../lib64 -L/usr/lib/x86_64-linux-gnu -L/opt/apps/ossw/applications/gcc/gcc-8.2/ubt18/lib/gcc/x86_64-linux/8.2.0/../../.. CMakeFiles/cmTC_99956.dir/CMakeCCompilerABI.c.o -lgcc --as-needed -lgcc_s --no-as-needed -lc -lgcc --as-needed -lgcc_s --no-as-needed /opt/apps/ossw/applications/gcc/gcc-8.2/ubt18/lib/gcc/x86_64-linux/8.2.0/crtend.o /usr/lib/x86_64-linux-gnu/crtn.o
COLLECT_GCC_OPTIONS='-v' '-o' 'cmTC_99956' '-mtune=broadwell' '-march=nehalem'
make[1]: Leaving directory '/net/ohm/export/cdgc/michael/EDA/asyncvlsi/PhyDB/build/CMakeFiles/CMakeTmp'


Parsed C implicit link information from above output:
  link line regex: [^( *|.*[/\])(ld|CMAKE_LINK_STARTFILE-NOTFOUND|([^/\]+-)?ld|collect2)[^/\]*( |$)]
  ignore line: [Change Dir: /net/ohm/export/cdgc/michael/EDA/asyncvlsi/PhyDB/build/CMakeFiles/CMakeTmp]
  ignore line: []
  ignore line: [Run Build Command:"/usr/bin/make" "cmTC_99956/fast"]
  ignore line: [/usr/bin/make -f CMakeFiles/cmTC_99956.dir/build.make CMakeFiles/cmTC_99956.dir/build]
  ignore line: [make[1]: Entering directory '/net/ohm/export/cdgc/michael/EDA/asyncvlsi/PhyDB/build/CMakeFiles/CMakeTmp']
  ignore line: [Building C object CMakeFiles/cmTC_99956.dir/CMakeCCompilerABI.c.o]
  ignore line: [/opt/apps/ossw/applications/gcc/gcc-8.2/ubt18/bin/gcc    -o CMakeFiles/cmTC_99956.dir/CMakeCCompilerABI.c.o   -c /usr/share/cmake-3.10/Modules/CMakeCCompilerABI.c]
  ignore line: [Linking C executable cmTC_99956]
  ignore line: [/usr/bin/cmake -E cmake_link_script CMakeFiles/cmTC_99956.dir/link.txt --verbose=1]
  ignore line: [/opt/apps/ossw/applications/gcc/gcc-8.2/ubt18/bin/gcc     -v CMakeFiles/cmTC_99956.dir/CMakeCCompilerABI.c.o  -o cmTC_99956 ]
  ignore line: [Using built-in specs.]
  ignore line: [COLLECT_GCC=/opt/apps/ossw/applications/gcc/gcc-8.2/ubt18/bin/gcc]
  ignore line: [COLLECT_LTO_WRAPPER=/opt/apps/ossw/applications/gcc/gcc-8.2/ubt18/libexec/gcc/x86_64-linux/8.2.0/lto-wrapper]
  ignore line: [Target: x86_64-linux]
  ignore line: [Configured with: /opt/apps/ossw/sourcesdir/gcc/gcc-8.2.0/configure --prefix=/opt/apps/ossw/applications/gcc/gcc-8.2/ubt18 --with-gmp=/opt/apps/ossw/libraries/gmp/gmp-6.1.2/ubt18 --with-mpfr=/opt/apps/ossw/libraries/mpfr/mpfr-4.0.2/ubt18 --with-mpc=/opt/apps/ossw/libraries/mpc/mpc-1.1.0/ubt18 --host=x86_64-linux --with-arch=nehalem --with-tune=broadwell --disable-multilib --enable-languages=c,c++,fortran --enable-lto]
  ignore line: [Thread model: posix]
  ignore line: [gcc version 8.2.0 (GCC) ]
  ignore line: [COMPILER_PATH=/opt/apps/ossw/applications/gcc/gcc-8.2/ubt18/libexec/gcc/x86_64-linux/8.2.0/:/opt/apps/ossw/applications/gcc/gcc-8.2/ubt18/libexec/gcc/x86_64-linux/8.2.0/:/opt/apps/ossw/applications/gcc/gcc-8.2/ubt18/libexec/gcc/x86_64-linux/:/opt/apps/ossw/applications/gcc/gcc-8.2/ubt18/lib/gcc/x86_64-linux/8.2.0/:/opt/apps/ossw/applications/gcc/gcc-8.2/ubt18/lib/gcc/x86_64-linux/]
  ignore line: [LIBRARY_PATH=/opt/apps/ossw/applications/gcc/gcc-8.2/ubt18/lib/gcc/x86_64-linux/8.2.0/:/opt/apps/ossw/applications/gcc/gcc-8.2/ubt18/lib/gcc/x86_64-linux/8.2.0/../../../../lib64/:/lib/x86_64-linux-gnu/:/lib/../lib64/:/usr/lib/x86_64-linux-gnu/:/opt/apps/ossw/applications/gcc/gcc-8.2/ubt18/lib/gcc/x86_64-linux/8.2.0/../../../:/lib/:/usr/lib/]
  ignore line: [COLLECT_GCC_OPTIONS='-v' '-o' 'cmTC_99956' '-mtune=broadwell' '-march=nehalem']
  link line: [ /opt/apps/ossw/applications/gcc/gcc-8.2/ubt18/libexec/gcc/x86_64-linux/8.2.0/collect2 -plugin /opt/apps/ossw/applications/gcc/gcc-8.2/ubt18/libexec/gcc/x86_64-linux/8.2.0/liblto_plugin.so -plugin-opt=/opt/apps/ossw/applications/gcc/gcc-8.2/ubt18/libexec/gcc/x86_64-linux/8.2.0/lto-wrapper -plugin-opt=-fresolution=/tmp/ccvuwVhN.res -plugin-opt=-pass-through=-lgcc -plugin-opt=-pass-through=-lgcc_s -plugin-opt=-pass-through=-lc -plugin-opt=-pass-through=-lgcc -plugin-opt=-pass-through=-lgcc_s --eh-frame-hdr -m elf_x86_64 -dynamic-linker /lib64/ld-linux-x86-64.so.2 -o cmTC_99956 /usr/lib/x86_64-linux-gnu/crt1.o /usr/lib/x86_64-linux-gnu/crti.o /opt/apps/ossw/applications/gcc/gcc-8.2/ubt18/lib/gcc/x86_64-linux/8.2.0/crtbegin.o -L/opt/apps/ossw/applications/gcc/gcc-8.2/ubt18/lib/gcc/x86_64-linux/8.2.0 -L/opt/apps/ossw/applications/gcc/gcc-8.2/ubt18/lib/gcc/x86_64-linux/8.2.0/../../../../lib64 -L/lib/x86_64-linux-gnu -L/lib/../lib64 -L/usr/lib/x86_64-linux-gnu -L/opt/apps/ossw/applications/gcc/gcc-8.2/ubt18/lib/gcc/x86_64-linux/8.2.0/../../.. CMakeFiles/cmTC_99956.dir/CMakeCCompilerABI.c.o -lgcc --as-needed -lgcc_s --no-as-needed -lc -lgcc --as-needed -lgcc_s --no-as-needed /opt/apps/ossw/applications/gcc/gcc-8.2/ubt18/lib/gcc/x86_64-linux/8.2.0/crtend.o /usr/lib/x86_64-linux-gnu/crtn.o]
    arg [/opt/apps/ossw/applications/gcc/gcc-8.2/ubt18/libexec/gcc/x86_64-linux/8.2.0/collect2] ==> ignore
    arg [-plugin] ==> ignore
    arg [/opt/apps/ossw/applications/gcc/gcc-8.2/ubt18/libexec/gcc/x86_64-linux/8.2.0/liblto_plugin.so] ==> ignore
    arg [-plugin-opt=/opt/apps/ossw/applications/gcc/gcc-8.2/ubt18/libexec/gcc/x86_64-linux/8.2.0/lto-wrapper] ==> ignore
    arg [-plugin-opt=-fresolution=/tmp/ccvuwVhN.res] ==> ignore
    arg [-plugin-opt=-pass-through=-lgcc] ==> ignore
    arg [-plugin-opt=-pass-through=-lgcc_s] ==> ignore
    arg [-plugin-opt=-pass-through=-lc] ==> ignore
    arg [-plugin-opt=-pass-through=-lgcc] ==> ignore
    arg [-plugin-opt=-pass-through=-lgcc_s] ==> ignore
    arg [--eh-frame-hdr] ==> ignore
    arg [-m] ==> ignore
    arg [elf_x86_64] ==> ignore
    arg [-dynamic-linker] ==> ignore
    arg [/lib64/ld-linux-x86-64.so.2] ==> ignore
    arg [-o] ==> ignore
    arg [cmTC_99956] ==> ignore
    arg [/usr/lib/x86_64-linux-gnu/crt1.o] ==> ignore
    arg [/usr/lib/x86_64-linux-gnu/crti.o] ==> ignore
    arg [/opt/apps/ossw/applications/gcc/gcc-8.2/ubt18/lib/gcc/x86_64-linux/8.2.0/crtbegin.o] ==> ignore
    arg [-L/opt/apps/ossw/applications/gcc/gcc-8.2/ubt18/lib/gcc/x86_64-linux/8.2.0] ==> dir [/opt/apps/ossw/applications/gcc/gcc-8.2/ubt18/lib/gcc/x86_64-linux/8.2.0]
    arg [-L/opt/apps/ossw/applications/gcc/gcc-8.2/ubt18/lib/gcc/x86_64-linux/8.2.0/../../../../lib64] ==> dir [/opt/apps/ossw/applications/gcc/gcc-8.2/ubt18/lib/gcc/x86_64-linux/8.2.0/../../../../lib64]
    arg [-L/lib/x86_64-linux-gnu] ==> dir [/lib/x86_64-linux-gnu]
    arg [-L/lib/../lib64] ==> dir [/lib/../lib64]
    arg [-L/usr/lib/x86_64-linux-gnu] ==> dir [/usr/lib/x86_64-linux-gnu]
    arg [-L/opt/apps/ossw/applications/gcc/gcc-8.2/ubt18/lib/gcc/x86_64-linux/8.2.0/../../..] ==> dir [/opt/apps/ossw/applications/gcc/gcc-8.2/ubt18/lib/gcc/x86_64-linux/8.2.0/../../..]
    arg [CMakeFiles/cmTC_99956.dir/CMakeCCompilerABI.c.o] ==> ignore
    arg [-lgcc] ==> lib [gcc]
    arg [--as-needed] ==> ignore
    arg [-lgcc_s] ==> lib [gcc_s]
    arg [--no-as-needed] ==> ignore
    arg [-lc] ==> lib [c]
    arg [-lgcc] ==> lib [gcc]
    arg [--as-needed] ==> ignore
    arg [-lgcc_s] ==> lib [gcc_s]
    arg [--no-as-needed] ==> ignore
    arg [/opt/apps/ossw/applications/gcc/gcc-8.2/ubt18/lib/gcc/x86_64-linux/8.2.0/crtend.o] ==> ignore
    arg [/usr/lib/x86_64-linux-gnu/crtn.o] ==> ignore
  collapse library dir [/opt/apps/ossw/applications/gcc/gcc-8.2/ubt18/lib/gcc/x86_64-linux/8.2.0] ==> [/opt/apps/ossw/applications/gcc/gcc-8.2/ubt18/lib/gcc/x86_64-linux/8.2.0]
  collapse library dir [/opt/apps/ossw/applications/gcc/gcc-8.2/ubt18/lib/gcc/x86_64-linux/8.2.0/../../../../lib64] ==> [/opt/apps/ossw/applications/gcc/gcc-8.2/ubt18/lib64]
  collapse library dir [/lib/x86_64-linux-gnu] ==> [/lib/x86_64-linux-gnu]
  collapse library dir [/lib/../lib64] ==> [/lib64]
  collapse library dir [/usr/lib/x86_64-linux-gnu] ==> [/usr/lib/x86_64-linux-gnu]
  collapse library dir [/opt/apps/ossw/applications/gcc/gcc-8.2/ubt18/lib/gcc/x86_64-linux/8.2.0/../../..] ==> [/opt/apps/ossw/applications/gcc/gcc-8.2/ubt18/lib]
  implicit libs: [gcc;gcc_s;c;gcc;gcc_s]
  implicit dirs: [/opt/apps/ossw/applications/gcc/gcc-8.2/ubt18/lib/gcc/x86_64-linux/8.2.0;/opt/apps/ossw/applications/gcc/gcc-8.2/ubt18/lib64;/lib/x86_64-linux-gnu;/lib64;/usr/lib/x86_64-linux-gnu;/opt/apps/ossw/applications/gcc/gcc-8.2/ubt18/lib]
  implicit fwks: []




Detecting C [-std=c11] compiler features compiled with the following output:
Change Dir: /net/ohm/export/cdgc/michael/EDA/asyncvlsi/PhyDB/build/CMakeFiles/CMakeTmp

Run Build Command:"/usr/bin/make" "cmTC_868dc/fast"
/usr/bin/make -f CMakeFiles/cmTC_868dc.dir/build.make CMakeFiles/cmTC_868dc.dir/build
make[1]: Entering directory '/net/ohm/export/cdgc/michael/EDA/asyncvlsi/PhyDB/build/CMakeFiles/CMakeTmp'
Building C object CMakeFiles/cmTC_868dc.dir/feature_tests.c.o
/opt/apps/ossw/applications/gcc/gcc-8.2/ubt18/bin/gcc   -std=c11 -o CMakeFiles/cmTC_868dc.dir/feature_tests.c.o   -c /net/ohm/export/cdgc/michael/EDA/asyncvlsi/PhyDB/build/CMakeFiles/feature_tests.c
Linking C executable cmTC_868dc
/usr/bin/cmake -E cmake_link_script CMakeFiles/cmTC_868dc.dir/link.txt --verbose=1
/opt/apps/ossw/applications/gcc/gcc-8.2/ubt18/bin/gcc      CMakeFiles/cmTC_868dc.dir/feature_tests.c.o  -o cmTC_868dc 
make[1]: Leaving directory '/net/ohm/export/cdgc/michael/EDA/asyncvlsi/PhyDB/build/CMakeFiles/CMakeTmp'


    Feature record: C_FEATURE:1c_function_prototypes
    Feature record: C_FEATURE:1c_restrict
    Feature record: C_FEATURE:1c_static_assert
    Feature record: C_FEATURE:1c_variadic_macros


Detecting C [-std=c99] compiler features compiled with the following output:
Change Dir: /net/ohm/export/cdgc/michael/EDA/asyncvlsi/PhyDB/build/CMakeFiles/CMakeTmp

Run Build Command:"/usr/bin/make" "cmTC_207af/fast"
/usr/bin/make -f CMakeFiles/cmTC_207af.dir/build.make CMakeFiles/cmTC_207af.dir/build
make[1]: Entering directory '/net/ohm/export/cdgc/michael/EDA/asyncvlsi/PhyDB/build/CMakeFiles/CMakeTmp'
Building C object CMakeFiles/cmTC_207af.dir/feature_tests.c.o
/opt/apps/ossw/applications/gcc/gcc-8.2/ubt18/bin/gcc   -std=c99 -o CMakeFiles/cmTC_207af.dir/feature_tests.c.o   -c /net/ohm/export/cdgc/michael/EDA/asyncvlsi/PhyDB/build/CMakeFiles/feature_tests.c
Linking C executable cmTC_207af
/usr/bin/cmake -E cmake_link_script CMakeFiles/cmTC_207af.dir/link.txt --verbose=1
/opt/apps/ossw/applications/gcc/gcc-8.2/ubt18/bin/gcc      CMakeFiles/cmTC_207af.dir/feature_tests.c.o  -o cmTC_207af 
make[1]: Leaving directory '/net/ohm/export/cdgc/michael/EDA/asyncvlsi/PhyDB/build/CMakeFiles/CMakeTmp'


    Feature record: C_FEATURE:1c_function_prototypes
    Feature record: C_FEATURE:1c_restrict
    Feature record: C_FEATURE:0c_static_assert
    Feature record: C_FEATURE:1c_variadic_macros


Detecting C [-std=c90] compiler features compiled with the following output:
Change Dir: /net/ohm/export/cdgc/michael/EDA/asyncvlsi/PhyDB/build/CMakeFiles/CMakeTmp

Run Build Command:"/usr/bin/make" "cmTC_e5690/fast"
/usr/bin/make -f CMakeFiles/cmTC_e5690.dir/build.make CMakeFiles/cmTC_e5690.dir/build
make[1]: Entering directory '/net/ohm/export/cdgc/michael/EDA/asyncvlsi/PhyDB/build/CMakeFiles/CMakeTmp'
Building C object CMakeFiles/cmTC_e5690.dir/feature_tests.c.o
/opt/apps/ossw/applications/gcc/gcc-8.2/ubt18/bin/gcc   -std=c90 -o CMakeFiles/cmTC_e5690.dir/feature_tests.c.o   -c /net/ohm/export/cdgc/michael/EDA/asyncvlsi/PhyDB/build/CMakeFiles/feature_tests.c
Linking C executable cmTC_e5690
/usr/bin/cmake -E cmake_link_script CMakeFiles/cmTC_e5690.dir/link.txt --verbose=1
/opt/apps/ossw/applications/gcc/gcc-8.2/ubt18/bin/gcc      CMakeFiles/cmTC_e5690.dir/feature_tests.c.o  -o cmTC_e5690 
make[1]: Leaving directory '/net/ohm/export/cdgc/michael/EDA/asyncvlsi/PhyDB/build/CMakeFiles/CMakeTmp'


    Feature record: C_FEATURE:1c_function_prototypes
    Feature record: C_FEATURE:0c_restrict
    Feature record: C_FEATURE:0c_static_assert
    Feature record: C_FEATURE:0c_variadic_macros
Determining if the CXX compiler works passed with the following output:
Change Dir: /net/ohm/export/cdgc/michael/EDA/asyncvlsi/PhyDB/build/CMakeFiles/CMakeTmp

Run Build Command:"/usr/bin/make" "cmTC_c64ea/fast"
/usr/bin/make -f CMakeFiles/cmTC_c64ea.dir/build.make CMakeFiles/cmTC_c64ea.dir/build
make[1]: Entering directory '/net/ohm/export/cdgc/michael/EDA/asyncvlsi/PhyDB/build/CMakeFiles/CMakeTmp'
Building CXX object CMakeFiles/cmTC_c64ea.dir/testCXXCompiler.cxx.o
/opt/apps/ossw/applications/gcc/gcc-8.2/ubt18/bin/g++     -o CMakeFiles/cmTC_c64ea.dir/testCXXCompiler.cxx.o -c /net/ohm/export/cdgc/michael/EDA/asyncvlsi/PhyDB/build/CMakeFiles/CMakeTmp/testCXXCompiler.cxx
Linking CXX executable cmTC_c64ea
/usr/bin/cmake -E cmake_link_script CMakeFiles/cmTC_c64ea.dir/link.txt --verbose=1
/opt/apps/ossw/applications/gcc/gcc-8.2/ubt18/bin/g++       CMakeFiles/cmTC_c64ea.dir/testCXXCompiler.cxx.o  -o cmTC_c64ea 
make[1]: Leaving directory '/net/ohm/export/cdgc/michael/EDA/asyncvlsi/PhyDB/build/CMakeFiles/CMakeTmp'


Detecting CXX compiler ABI info compiled with the following output:
Change Dir: /net/ohm/export/cdgc/michael/EDA/asyncvlsi/PhyDB/build/CMakeFiles/CMakeTmp

Run Build Command:"/usr/bin/make" "cmTC_fa280/fast"
/usr/bin/make -f CMakeFiles/cmTC_fa280.dir/build.make CMakeFiles/cmTC_fa280.dir/build
make[1]: Entering directory '/net/ohm/export/cdgc/michael/EDA/asyncvlsi/PhyDB/build/CMakeFiles/CMakeTmp'
Building CXX object CMakeFiles/cmTC_fa280.dir/CMakeCXXCompilerABI.cpp.o
/opt/apps/ossw/applications/gcc/gcc-8.2/ubt18/bin/g++     -o CMakeFiles/cmTC_fa280.dir/CMakeCXXCompilerABI.cpp.o -c /usr/share/cmake-3.10/Modules/CMakeCXXCompilerABI.cpp
Linking CXX executable cmTC_fa280
/usr/bin/cmake -E cmake_link_script CMakeFiles/cmTC_fa280.dir/link.txt --verbose=1
/opt/apps/ossw/applications/gcc/gcc-8.2/ubt18/bin/g++      -v CMakeFiles/cmTC_fa280.dir/CMakeCXXCompilerABI.cpp.o  -o cmTC_fa280 
Using built-in specs.
COLLECT_GCC=/opt/apps/ossw/applications/gcc/gcc-8.2/ubt18/bin/g++
COLLECT_LTO_WRAPPER=/opt/apps/ossw/applications/gcc/gcc-8.2/ubt18/libexec/gcc/x86_64-linux/8.2.0/lto-wrapper
Target: x86_64-linux
Configured with: /opt/apps/ossw/sourcesdir/gcc/gcc-8.2.0/configure --prefix=/opt/apps/ossw/applications/gcc/gcc-8.2/ubt18 --with-gmp=/opt/apps/ossw/libraries/gmp/gmp-6.1.2/ubt18 --with-mpfr=/opt/apps/ossw/libraries/mpfr/mpfr-4.0.2/ubt18 --with-mpc=/opt/apps/ossw/libraries/mpc/mpc-1.1.0/ubt18 --host=x86_64-linux --with-arch=nehalem --with-tune=broadwell --disable-multilib --enable-languages=c,c++,fortran --enable-lto
Thread model: posix
gcc version 8.2.0 (GCC) 
COMPILER_PATH=/opt/apps/ossw/applications/gcc/gcc-8.2/ubt18/libexec/gcc/x86_64-linux/8.2.0/:/opt/apps/ossw/applications/gcc/gcc-8.2/ubt18/libexec/gcc/x86_64-linux/8.2.0/:/opt/apps/ossw/applications/gcc/gcc-8.2/ubt18/libexec/gcc/x86_64-linux/:/opt/apps/ossw/applications/gcc/gcc-8.2/ubt18/lib/gcc/x86_64-linux/8.2.0/:/opt/apps/ossw/applications/gcc/gcc-8.2/ubt18/lib/gcc/x86_64-linux/
LIBRARY_PATH=/opt/apps/ossw/applications/gcc/gcc-8.2/ubt18/lib/gcc/x86_64-linux/8.2.0/:/opt/apps/ossw/applications/gcc/gcc-8.2/ubt18/lib/gcc/x86_64-linux/8.2.0/../../../../lib64/:/lib/x86_64-linux-gnu/:/lib/../lib64/:/usr/lib/x86_64-linux-gnu/:/opt/apps/ossw/applications/gcc/gcc-8.2/ubt18/lib/gcc/x86_64-linux/8.2.0/../../../:/lib/:/usr/lib/
COLLECT_GCC_OPTIONS='-v' '-o' 'cmTC_fa280' '-shared-libgcc' '-mtune=broadwell' '-march=nehalem'
 /opt/apps/ossw/applications/gcc/gcc-8.2/ubt18/libexec/gcc/x86_64-linux/8.2.0/collect2 -plugin /opt/apps/ossw/applications/gcc/gcc-8.2/ubt18/libexec/gcc/x86_64-linux/8.2.0/liblto_plugin.so -plugin-opt=/opt/apps/ossw/applications/gcc/gcc-8.2/ubt18/libexec/gcc/x86_64-linux/8.2.0/lto-wrapper -plugin-opt=-fresolution=/tmp/ccQVFMau.res -plugin-opt=-pass-through=-lgcc_s -plugin-opt=-pass-through=-lgcc -plugin-opt=-pass-through=-lc -plugin-opt=-pass-through=-lgcc_s -plugin-opt=-pass-through=-lgcc --eh-frame-hdr -m elf_x86_64 -dynamic-linker /lib64/ld-linux-x86-64.so.2 -o cmTC_fa280 /usr/lib/x86_64-linux-gnu/crt1.o /usr/lib/x86_64-linux-gnu/crti.o /opt/apps/ossw/applications/gcc/gcc-8.2/ubt18/lib/gcc/x86_64-linux/8.2.0/crtbegin.o -L/opt/apps/ossw/applications/gcc/gcc-8.2/ubt18/lib/gcc/x86_64-linux/8.2.0 -L/opt/apps/ossw/applications/gcc/gcc-8.2/ubt18/lib/gcc/x86_64-linux/8.2.0/../../../../lib64 -L/lib/x86_64-linux-gnu -L/lib/../lib64 -L/usr/lib/x86_64-linux-gnu -L/opt/apps/ossw/applications/gcc/gcc-8.2/ubt18/lib/gcc/x86_64-linux/8.2.0/../../.. CMakeFiles/cmTC_fa280.dir/CMakeCXXCompilerABI.cpp.o -lstdc++ -lm -lgcc_s -lgcc -lc -lgcc_s -lgcc /opt/apps/ossw/applications/gcc/gcc-8.2/ubt18/lib/gcc/x86_64-linux/8.2.0/crtend.o /usr/lib/x86_64-linux-gnu/crtn.o
COLLECT_GCC_OPTIONS='-v' '-o' 'cmTC_fa280' '-shared-libgcc' '-mtune=broadwell' '-march=nehalem'
make[1]: Leaving directory '/net/ohm/export/cdgc/michael/EDA/asyncvlsi/PhyDB/build/CMakeFiles/CMakeTmp'


Parsed CXX implicit link information from above output:
  link line regex: [^( *|.*[/\])(ld|CMAKE_LINK_STARTFILE-NOTFOUND|([^/\]+-)?ld|collect2)[^/\]*( |$)]
  ignore line: [Change Dir: /net/ohm/export/cdgc/michael/EDA/asyncvlsi/PhyDB/build/CMakeFiles/CMakeTmp]
  ignore line: []
  ignore line: [Run Build Command:"/usr/bin/make" "cmTC_fa280/fast"]
  ignore line: [/usr/bin/make -f CMakeFiles/cmTC_fa280.dir/build.make CMakeFiles/cmTC_fa280.dir/build]
  ignore line: [make[1]: Entering directory '/net/ohm/export/cdgc/michael/EDA/asyncvlsi/PhyDB/build/CMakeFiles/CMakeTmp']
  ignore line: [Building CXX object CMakeFiles/cmTC_fa280.dir/CMakeCXXCompilerABI.cpp.o]
  ignore line: [/opt/apps/ossw/applications/gcc/gcc-8.2/ubt18/bin/g++     -o CMakeFiles/cmTC_fa280.dir/CMakeCXXCompilerABI.cpp.o -c /usr/share/cmake-3.10/Modules/CMakeCXXCompilerABI.cpp]
  ignore line: [Linking CXX executable cmTC_fa280]
  ignore line: [/usr/bin/cmake -E cmake_link_script CMakeFiles/cmTC_fa280.dir/link.txt --verbose=1]
  ignore line: [/opt/apps/ossw/applications/gcc/gcc-8.2/ubt18/bin/g++      -v CMakeFiles/cmTC_fa280.dir/CMakeCXXCompilerABI.cpp.o  -o cmTC_fa280 ]
  ignore line: [Using built-in specs.]
  ignore line: [COLLECT_GCC=/opt/apps/ossw/applications/gcc/gcc-8.2/ubt18/bin/g++]
  ignore line: [COLLECT_LTO_WRAPPER=/opt/apps/ossw/applications/gcc/gcc-8.2/ubt18/libexec/gcc/x86_64-linux/8.2.0/lto-wrapper]
  ignore line: [Target: x86_64-linux]
  ignore line: [Configured with: /opt/apps/ossw/sourcesdir/gcc/gcc-8.2.0/configure --prefix=/opt/apps/ossw/applications/gcc/gcc-8.2/ubt18 --with-gmp=/opt/apps/ossw/libraries/gmp/gmp-6.1.2/ubt18 --with-mpfr=/opt/apps/ossw/libraries/mpfr/mpfr-4.0.2/ubt18 --with-mpc=/opt/apps/ossw/libraries/mpc/mpc-1.1.0/ubt18 --host=x86_64-linux --with-arch=nehalem --with-tune=broadwell --disable-multilib --enable-languages=c,c++,fortran --enable-lto]
  ignore line: [Thread model: posix]
  ignore line: [gcc version 8.2.0 (GCC) ]
  ignore line: [COMPILER_PATH=/opt/apps/ossw/applications/gcc/gcc-8.2/ubt18/libexec/gcc/x86_64-linux/8.2.0/:/opt/apps/ossw/applications/gcc/gcc-8.2/ubt18/libexec/gcc/x86_64-linux/8.2.0/:/opt/apps/ossw/applications/gcc/gcc-8.2/ubt18/libexec/gcc/x86_64-linux/:/opt/apps/ossw/applications/gcc/gcc-8.2/ubt18/lib/gcc/x86_64-linux/8.2.0/:/opt/apps/ossw/applications/gcc/gcc-8.2/ubt18/lib/gcc/x86_64-linux/]
  ignore line: [LIBRARY_PATH=/opt/apps/ossw/applications/gcc/gcc-8.2/ubt18/lib/gcc/x86_64-linux/8.2.0/:/opt/apps/ossw/applications/gcc/gcc-8.2/ubt18/lib/gcc/x86_64-linux/8.2.0/../../../../lib64/:/lib/x86_64-linux-gnu/:/lib/../lib64/:/usr/lib/x86_64-linux-gnu/:/opt/apps/ossw/applications/gcc/gcc-8.2/ubt18/lib/gcc/x86_64-linux/8.2.0/../../../:/lib/:/usr/lib/]
  ignore line: [COLLECT_GCC_OPTIONS='-v' '-o' 'cmTC_fa280' '-shared-libgcc' '-mtune=broadwell' '-march=nehalem']
  link line: [ /opt/apps/ossw/applications/gcc/gcc-8.2/ubt18/libexec/gcc/x86_64-linux/8.2.0/collect2 -plugin /opt/apps/ossw/applications/gcc/gcc-8.2/ubt18/libexec/gcc/x86_64-linux/8.2.0/liblto_plugin.so -plugin-opt=/opt/apps/ossw/applications/gcc/gcc-8.2/ubt18/libexec/gcc/x86_64-linux/8.2.0/lto-wrapper -plugin-opt=-fresolution=/tmp/ccQVFMau.res -plugin-opt=-pass-through=-lgcc_s -plugin-opt=-pass-through=-lgcc -plugin-opt=-pass-through=-lc -plugin-opt=-pass-through=-lgcc_s -plugin-opt=-pass-through=-lgcc --eh-frame-hdr -m elf_x86_64 -dynamic-linker /lib64/ld-linux-x86-64.so.2 -o cmTC_fa280 /usr/lib/x86_64-linux-gnu/crt1.o /usr/lib/x86_64-linux-gnu/crti.o /opt/apps/ossw/applications/gcc/gcc-8.2/ubt18/lib/gcc/x86_64-linux/8.2.0/crtbegin.o -L/opt/apps/ossw/applications/gcc/gcc-8.2/ubt18/lib/gcc/x86_64-linux/8.2.0 -L/opt/apps/ossw/applications/gcc/gcc-8.2/ubt18/lib/gcc/x86_64-linux/8.2.0/../../../../lib64 -L/lib/x86_64-linux-gnu -L/lib/../lib64 -L/usr/lib/x86_64-linux-gnu -L/opt/apps/ossw/applications/gcc/gcc-8.2/ubt18/lib/gcc/x86_64-linux/8.2.0/../../.. CMakeFiles/cmTC_fa280.dir/CMakeCXXCompilerABI.cpp.o -lstdc++ -lm -lgcc_s -lgcc -lc -lgcc_s -lgcc /opt/apps/ossw/applications/gcc/gcc-8.2/ubt18/lib/gcc/x86_64-linux/8.2.0/crtend.o /usr/lib/x86_64-linux-gnu/crtn.o]
    arg [/opt/apps/ossw/applications/gcc/gcc-8.2/ubt18/libexec/gcc/x86_64-linux/8.2.0/collect2] ==> ignore
    arg [-plugin] ==> ignore
    arg [/opt/apps/ossw/applications/gcc/gcc-8.2/ubt18/libexec/gcc/x86_64-linux/8.2.0/liblto_plugin.so] ==> ignore
    arg [-plugin-opt=/opt/apps/ossw/applications/gcc/gcc-8.2/ubt18/libexec/gcc/x86_64-linux/8.2.0/lto-wrapper] ==> ignore
    arg [-plugin-opt=-fresolution=/tmp/ccQVFMau.res] ==> ignore
    arg [-plugin-opt=-pass-through=-lgcc_s] ==> ignore
    arg [-plugin-opt=-pass-through=-lgcc] ==> ignore
    arg [-plugin-opt=-pass-through=-lc] ==> ignore
    arg [-plugin-opt=-pass-through=-lgcc_s] ==> ignore
    arg [-plugin-opt=-pass-through=-lgcc] ==> ignore
    arg [--eh-frame-hdr] ==> ignore
    arg [-m] ==> ignore
    arg [elf_x86_64] ==> ignore
    arg [-dynamic-linker] ==> ignore
    arg [/lib64/ld-linux-x86-64.so.2] ==> ignore
    arg [-o] ==> ignore
    arg [cmTC_fa280] ==> ignore
    arg [/usr/lib/x86_64-linux-gnu/crt1.o] ==> ignore
    arg [/usr/lib/x86_64-linux-gnu/crti.o] ==> ignore
    arg [/opt/apps/ossw/applications/gcc/gcc-8.2/ubt18/lib/gcc/x86_64-linux/8.2.0/crtbegin.o] ==> ignore
    arg [-L/opt/apps/ossw/applications/gcc/gcc-8.2/ubt18/lib/gcc/x86_64-linux/8.2.0] ==> dir [/opt/apps/ossw/applications/gcc/gcc-8.2/ubt18/lib/gcc/x86_64-linux/8.2.0]
    arg [-L/opt/apps/ossw/applications/gcc/gcc-8.2/ubt18/lib/gcc/x86_64-linux/8.2.0/../../../../lib64] ==> dir [/opt/apps/ossw/applications/gcc/gcc-8.2/ubt18/lib/gcc/x86_64-linux/8.2.0/../../../../lib64]
    arg [-L/lib/x86_64-linux-gnu] ==> dir [/lib/x86_64-linux-gnu]
    arg [-L/lib/../lib64] ==> dir [/lib/../lib64]
    arg [-L/usr/lib/x86_64-linux-gnu] ==> dir [/usr/lib/x86_64-linux-gnu]
    arg [-L/opt/apps/ossw/applications/gcc/gcc-8.2/ubt18/lib/gcc/x86_64-linux/8.2.0/../../..] ==> dir [/opt/apps/ossw/applications/gcc/gcc-8.2/ubt18/lib/gcc/x86_64-linux/8.2.0/../../..]
    arg [CMakeFiles/cmTC_fa280.dir/CMakeCXXCompilerABI.cpp.o] ==> ignore
    arg [-lstdc++] ==> lib [stdc++]
    arg [-lm] ==> lib [m]
    arg [-lgcc_s] ==> lib [gcc_s]
    arg [-lgcc] ==> lib [gcc]
    arg [-lc] ==> lib [c]
    arg [-lgcc_s] ==> lib [gcc_s]
    arg [-lgcc] ==> lib [gcc]
    arg [/opt/apps/ossw/applications/gcc/gcc-8.2/ubt18/lib/gcc/x86_64-linux/8.2.0/crtend.o] ==> ignore
    arg [/usr/lib/x86_64-linux-gnu/crtn.o] ==> ignore
  collapse library dir [/opt/apps/ossw/applications/gcc/gcc-8.2/ubt18/lib/gcc/x86_64-linux/8.2.0] ==> [/opt/apps/ossw/applications/gcc/gcc-8.2/ubt18/lib/gcc/x86_64-linux/8.2.0]
  collapse library dir [/opt/apps/ossw/applications/gcc/gcc-8.2/ubt18/lib/gcc/x86_64-linux/8.2.0/../../../../lib64] ==> [/opt/apps/ossw/applications/gcc/gcc-8.2/ubt18/lib64]
  collapse library dir [/lib/x86_64-linux-gnu] ==> [/lib/x86_64-linux-gnu]
  collapse library dir [/lib/../lib64] ==> [/lib64]
  collapse library dir [/usr/lib/x86_64-linux-gnu] ==> [/usr/lib/x86_64-linux-gnu]
  collapse library dir [/opt/apps/ossw/applications/gcc/gcc-8.2/ubt18/lib/gcc/x86_64-linux/8.2.0/../../..] ==> [/opt/apps/ossw/applications/gcc/gcc-8.2/ubt18/lib]
  implicit libs: [stdc++;m;gcc_s;gcc;c;gcc_s;gcc]
  implicit dirs: [/opt/apps/ossw/applications/gcc/gcc-8.2/ubt18/lib/gcc/x86_64-linux/8.2.0;/opt/apps/ossw/applications/gcc/gcc-8.2/ubt18/lib64;/lib/x86_64-linux-gnu;/lib64;/usr/lib/x86_64-linux-gnu;/opt/apps/ossw/applications/gcc/gcc-8.2/ubt18/lib]
  implicit fwks: []




Detecting CXX [-std=c++1z] compiler features compiled with the following output:
Change Dir: /net/ohm/export/cdgc/michael/EDA/asyncvlsi/PhyDB/build/CMakeFiles/CMakeTmp

Run Build Command:"/usr/bin/make" "cmTC_6f420/fast"
/usr/bin/make -f CMakeFiles/cmTC_6f420.dir/build.make CMakeFiles/cmTC_6f420.dir/build
make[1]: Entering directory '/net/ohm/export/cdgc/michael/EDA/asyncvlsi/PhyDB/build/CMakeFiles/CMakeTmp'
Building CXX object CMakeFiles/cmTC_6f420.dir/feature_tests.cxx.o
/opt/apps/ossw/applications/gcc/gcc-8.2/ubt18/bin/g++    -std=c++1z -o CMakeFiles/cmTC_6f420.dir/feature_tests.cxx.o -c /net/ohm/export/cdgc/michael/EDA/asyncvlsi/PhyDB/build/CMakeFiles/feature_tests.cxx
Linking CXX executable cmTC_6f420
/usr/bin/cmake -E cmake_link_script CMakeFiles/cmTC_6f420.dir/link.txt --verbose=1
/opt/apps/ossw/applications/gcc/gcc-8.2/ubt18/bin/g++       CMakeFiles/cmTC_6f420.dir/feature_tests.cxx.o  -o cmTC_6f420 
make[1]: Leaving directory '/net/ohm/export/cdgc/michael/EDA/asyncvlsi/PhyDB/build/CMakeFiles/CMakeTmp'


    Feature record: CXX_FEATURE:1cxx_aggregate_default_initializers
    Feature record: CXX_FEATURE:1cxx_alias_templates
    Feature record: CXX_FEATURE:1cxx_alignas
    Feature record: CXX_FEATURE:1cxx_alignof
    Feature record: CXX_FEATURE:1cxx_attributes
    Feature record: CXX_FEATURE:1cxx_attribute_deprecated
    Feature record: CXX_FEATURE:1cxx_auto_type
    Feature record: CXX_FEATURE:1cxx_binary_literals
    Feature record: CXX_FEATURE:1cxx_constexpr
    Feature record: CXX_FEATURE:1cxx_contextual_conversions
    Feature record: CXX_FEATURE:1cxx_decltype
    Feature record: CXX_FEATURE:1cxx_decltype_auto
    Feature record: CXX_FEATURE:1cxx_decltype_incomplete_return_types
    Feature record: CXX_FEATURE:1cxx_default_function_template_args
    Feature record: CXX_FEATURE:1cxx_defaulted_functions
    Feature record: CXX_FEATURE:1cxx_defaulted_move_initializers
    Feature record: CXX_FEATURE:1cxx_delegating_constructors
    Feature record: CXX_FEATURE:1cxx_deleted_functions
    Feature record: CXX_FEATURE:1cxx_digit_separators
    Feature record: CXX_FEATURE:1cxx_enum_forward_declarations
    Feature record: CXX_FEATURE:1cxx_explicit_conversions
    Feature record: CXX_FEATURE:1cxx_extended_friend_declarations
    Feature record: CXX_FEATURE:1cxx_extern_templates
    Feature record: CXX_FEATURE:1cxx_final
    Feature record: CXX_FEATURE:1cxx_func_identifier
    Feature record: CXX_FEATURE:1cxx_generalized_initializers
    Feature record: CXX_FEATURE:1cxx_generic_lambdas
    Feature record: CXX_FEATURE:1cxx_inheriting_constructors
    Feature record: CXX_FEATURE:1cxx_inline_namespaces
    Feature record: CXX_FEATURE:1cxx_lambdas
    Feature record: CXX_FEATURE:1cxx_lambda_init_captures
    Feature record: CXX_FEATURE:1cxx_local_type_template_args
    Feature record: CXX_FEATURE:1cxx_long_long_type
    Feature record: CXX_FEATURE:1cxx_noexcept
    Feature record: CXX_FEATURE:1cxx_nonstatic_member_init
    Feature record: CXX_FEATURE:1cxx_nullptr
    Feature record: CXX_FEATURE:1cxx_override
    Feature record: CXX_FEATURE:1cxx_range_for
    Feature record: CXX_FEATURE:1cxx_raw_string_literals
    Feature record: CXX_FEATURE:1cxx_reference_qualified_functions
    Feature record: CXX_FEATURE:1cxx_relaxed_constexpr
    Feature record: CXX_FEATURE:1cxx_return_type_deduction
    Feature record: CXX_FEATURE:1cxx_right_angle_brackets
    Feature record: CXX_FEATURE:1cxx_rvalue_references
    Feature record: CXX_FEATURE:1cxx_sizeof_member
    Feature record: CXX_FEATURE:1cxx_static_assert
    Feature record: CXX_FEATURE:1cxx_strong_enums
    Feature record: CXX_FEATURE:1cxx_template_template_parameters
    Feature record: CXX_FEATURE:1cxx_thread_local
    Feature record: CXX_FEATURE:1cxx_trailing_return_types
    Feature record: CXX_FEATURE:1cxx_unicode_literals
    Feature record: CXX_FEATURE:1cxx_uniform_initialization
    Feature record: CXX_FEATURE:1cxx_unrestricted_unions
    Feature record: CXX_FEATURE:1cxx_user_literals
    Feature record: CXX_FEATURE:1cxx_variable_templates
    Feature record: CXX_FEATURE:1cxx_variadic_macros
    Feature record: CXX_FEATURE:1cxx_variadic_templates


Detecting CXX [-std=c++14] compiler features compiled with the following output:
Change Dir: /net/ohm/export/cdgc/michael/EDA/asyncvlsi/PhyDB/build/CMakeFiles/CMakeTmp

Run Build Command:"/usr/bin/make" "cmTC_da3f1/fast"
/usr/bin/make -f CMakeFiles/cmTC_da3f1.dir/build.make CMakeFiles/cmTC_da3f1.dir/build
make[1]: Entering directory '/net/ohm/export/cdgc/michael/EDA/asyncvlsi/PhyDB/build/CMakeFiles/CMakeTmp'
Building CXX object CMakeFiles/cmTC_da3f1.dir/feature_tests.cxx.o
/opt/apps/ossw/applications/gcc/gcc-8.2/ubt18/bin/g++    -std=c++14 -o CMakeFiles/cmTC_da3f1.dir/feature_tests.cxx.o -c /net/ohm/export/cdgc/michael/EDA/asyncvlsi/PhyDB/build/CMakeFiles/feature_tests.cxx
Linking CXX executable cmTC_da3f1
/usr/bin/cmake -E cmake_link_script CMakeFiles/cmTC_da3f1.dir/link.txt --verbose=1
/opt/apps/ossw/applications/gcc/gcc-8.2/ubt18/bin/g++       CMakeFiles/cmTC_da3f1.dir/feature_tests.cxx.o  -o cmTC_da3f1 
make[1]: Leaving directory '/net/ohm/export/cdgc/michael/EDA/asyncvlsi/PhyDB/build/CMakeFiles/CMakeTmp'


    Feature record: CXX_FEATURE:1cxx_aggregate_default_initializers
    Feature record: CXX_FEATURE:1cxx_alias_templates
    Feature record: CXX_FEATURE:1cxx_alignas
    Feature record: CXX_FEATURE:1cxx_alignof
    Feature record: CXX_FEATURE:1cxx_attributes
    Feature record: CXX_FEATURE:1cxx_attribute_deprecated
    Feature record: CXX_FEATURE:1cxx_auto_type
    Feature record: CXX_FEATURE:1cxx_binary_literals
    Feature record: CXX_FEATURE:1cxx_constexpr
    Feature record: CXX_FEATURE:1cxx_contextual_conversions
    Feature record: CXX_FEATURE:1cxx_decltype
    Feature record: CXX_FEATURE:1cxx_decltype_auto
    Feature record: CXX_FEATURE:1cxx_decltype_incomplete_return_types
    Feature record: CXX_FEATURE:1cxx_default_function_template_args
    Feature record: CXX_FEATURE:1cxx_defaulted_functions
    Feature record: CXX_FEATURE:1cxx_defaulted_move_initializers
    Feature record: CXX_FEATURE:1cxx_delegating_constructors
    Feature record: CXX_FEATURE:1cxx_deleted_functions
    Feature record: CXX_FEATURE:1cxx_digit_separators
    Feature record: CXX_FEATURE:1cxx_enum_forward_declarations
    Feature record: CXX_FEATURE:1cxx_explicit_conversions
    Feature record: CXX_FEATURE:1cxx_extended_friend_declarations
    Feature record: CXX_FEATURE:1cxx_extern_templates
    Feature record: CXX_FEATURE:1cxx_final
    Feature record: CXX_FEATURE:1cxx_func_identifier
    Feature record: CXX_FEATURE:1cxx_generalized_initializers
    Feature record: CXX_FEATURE:1cxx_generic_lambdas
    Feature record: CXX_FEATURE:1cxx_inheriting_constructors
    Feature record: CXX_FEATURE:1cxx_inline_namespaces
    Feature record: CXX_FEATURE:1cxx_lambdas
    Feature record: CXX_FEATURE:1cxx_lambda_init_captures
    Feature record: CXX_FEATURE:1cxx_local_type_template_args
    Feature record: CXX_FEATURE:1cxx_long_long_type
    Feature record: CXX_FEATURE:1cxx_noexcept
    Feature record: CXX_FEATURE:1cxx_nonstatic_member_init
    Feature record: CXX_FEATURE:1cxx_nullptr
    Feature record: CXX_FEATURE:1cxx_override
    Feature record: CXX_FEATURE:1cxx_range_for
    Feature record: CXX_FEATURE:1cxx_raw_string_literals
    Feature record: CXX_FEATURE:1cxx_reference_qualified_functions
    Feature record: CXX_FEATURE:1cxx_relaxed_constexpr
    Feature record: CXX_FEATURE:1cxx_return_type_deduction
    Feature record: CXX_FEATURE:1cxx_right_angle_brackets
    Feature record: CXX_FEATURE:1cxx_rvalue_references
    Feature record: CXX_FEATURE:1cxx_sizeof_member
    Feature record: CXX_FEATURE:1cxx_static_assert
    Feature record: CXX_FEATURE:1cxx_strong_enums
    Feature record: CXX_FEATURE:1cxx_template_template_parameters
    Feature record: CXX_FEATURE:1cxx_thread_local
    Feature record: CXX_FEATURE:1cxx_trailing_return_types
    Feature record: CXX_FEATURE:1cxx_unicode_literals
    Feature record: CXX_FEATURE:1cxx_uniform_initialization
    Feature record: CXX_FEATURE:1cxx_unrestricted_unions
    Feature record: CXX_FEATURE:1cxx_user_literals
    Feature record: CXX_FEATURE:1cxx_variable_templates
    Feature record: CXX_FEATURE:1cxx_variadic_macros
    Feature record: CXX_FEATURE:1cxx_variadic_templates


Detecting CXX [-std=c++11] compiler features compiled with the following output:
Change Dir: /net/ohm/export/cdgc/michael/EDA/asyncvlsi/PhyDB/build/CMakeFiles/CMakeTmp

Run Build Command:"/usr/bin/make" "cmTC_f64f1/fast"
/usr/bin/make -f CMakeFiles/cmTC_f64f1.dir/build.make CMakeFiles/cmTC_f64f1.dir/build
make[1]: Entering directory '/net/ohm/export/cdgc/michael/EDA/asyncvlsi/PhyDB/build/CMakeFiles/CMakeTmp'
Building CXX object CMakeFiles/cmTC_f64f1.dir/feature_tests.cxx.o
/opt/apps/ossw/applications/gcc/gcc-8.2/ubt18/bin/g++    -std=c++11 -o CMakeFiles/cmTC_f64f1.dir/feature_tests.cxx.o -c /net/ohm/export/cdgc/michael/EDA/asyncvlsi/PhyDB/build/CMakeFiles/feature_tests.cxx
Linking CXX executable cmTC_f64f1
/usr/bin/cmake -E cmake_link_script CMakeFiles/cmTC_f64f1.dir/link.txt --verbose=1
/opt/apps/ossw/applications/gcc/gcc-8.2/ubt18/bin/g++       CMakeFiles/cmTC_f64f1.dir/feature_tests.cxx.o  -o cmTC_f64f1 
make[1]: Leaving directory '/net/ohm/export/cdgc/michael/EDA/asyncvlsi/PhyDB/build/CMakeFiles/CMakeTmp'


    Feature record: CXX_FEATURE:0cxx_aggregate_default_initializers
    Feature record: CXX_FEATURE:1cxx_alias_templates
    Feature record: CXX_FEATURE:1cxx_alignas
    Feature record: CXX_FEATURE:1cxx_alignof
    Feature record: CXX_FEATURE:1cxx_attributes
    Feature record: CXX_FEATURE:0cxx_attribute_deprecated
    Feature record: CXX_FEATURE:1cxx_auto_type
    Feature record: CXX_FEATURE:0cxx_binary_literals
    Feature record: CXX_FEATURE:1cxx_constexpr
    Feature record: CXX_FEATURE:0cxx_contextual_conversions
    Feature record: CXX_FEATURE:1cxx_decltype
    Feature record: CXX_FEATURE:0cxx_decltype_auto
    Feature record: CXX_FEATURE:1cxx_decltype_incomplete_return_types
    Feature record: CXX_FEATURE:1cxx_default_function_template_args
    Feature record: CXX_FEATURE:1cxx_defaulted_functions
    Feature record: CXX_FEATURE:1cxx_defaulted_move_initializers
    Feature record: CXX_FEATURE:1cxx_delegating_constructors
    Feature record: CXX_FEATURE:1cxx_deleted_functions
    Feature record: CXX_FEATURE:0cxx_digit_separators
    Feature record: CXX_FEATURE:1cxx_enum_forward_declarations
    Feature record: CXX_FEATURE:1cxx_explicit_conversions
    Feature record: CXX_FEATURE:1cxx_extended_friend_declarations
    Feature record: CXX_FEATURE:1cxx_extern_templates
    Feature record: CXX_FEATURE:1cxx_final
    Feature record: CXX_FEATURE:1cxx_func_identifier
    Feature record: CXX_FEATURE:1cxx_generalized_initializers
    Feature record: CXX_FEATURE:0cxx_generic_lambdas
    Feature record: CXX_FEATURE:1cxx_inheriting_constructors
    Feature record: CXX_FEATURE:1cxx_inline_namespaces
    Feature record: CXX_FEATURE:1cxx_lambdas
    Feature record: CXX_FEATURE:0cxx_lambda_init_captures
    Feature record: CXX_FEATURE:1cxx_local_type_template_args
    Feature record: CXX_FEATURE:1cxx_long_long_type
    Feature record: CXX_FEATURE:1cxx_noexcept
    Feature record: CXX_FEATURE:1cxx_nonstatic_member_init
    Feature record: CXX_FEATURE:1cxx_nullptr
    Feature record: CXX_FEATURE:1cxx_override
    Feature record: CXX_FEATURE:1cxx_range_for
    Feature record: CXX_FEATURE:1cxx_raw_string_literals
    Feature record: CXX_FEATURE:1cxx_reference_qualified_functions
    Feature record: CXX_FEATURE:0cxx_relaxed_constexpr
    Feature record: CXX_FEATURE:0cxx_return_type_deduction
    Feature record: CXX_FEATURE:1cxx_right_angle_brackets
    Feature record: CXX_FEATURE:1cxx_rvalue_references
    Feature record: CXX_FEATURE:1cxx_sizeof_member
    Feature record: CXX_FEATURE:1cxx_static_assert
    Feature record: CXX_FEATURE:1cxx_strong_enums
    Feature record: CXX_FEATURE:1cxx_template_template_parameters
    Feature record: CXX_FEATURE:1cxx_thread_local
    Feature record: CXX_FEATURE:1cxx_trailing_return_types
    Feature record: CXX_FEATURE:1cxx_unicode_literals
    Feature record: CXX_FEATURE:1cxx_uniform_initialization
    Feature record: CXX_FEATURE:1cxx_unrestricted_unions
    Feature record: CXX_FEATURE:1cxx_user_literals
    Feature record: CXX_FEATURE:0cxx_variable_templates
    Feature record: CXX_FEATURE:1cxx_variadic_macros
    Feature record: CXX_FEATURE:1cxx_variadic_templates


Detecting CXX [-std=c++98] compiler features compiled with the following output:
Change Dir: /net/ohm/export/cdgc/michael/EDA/asyncvlsi/PhyDB/build/CMakeFiles/CMakeTmp

Run Build Command:"/usr/bin/make" "cmTC_2fa6b/fast"
/usr/bin/make -f CMakeFiles/cmTC_2fa6b.dir/build.make CMakeFiles/cmTC_2fa6b.dir/build
make[1]: Entering directory '/net/ohm/export/cdgc/michael/EDA/asyncvlsi/PhyDB/build/CMakeFiles/CMakeTmp'
Building CXX object CMakeFiles/cmTC_2fa6b.dir/feature_tests.cxx.o
/opt/apps/ossw/applications/gcc/gcc-8.2/ubt18/bin/g++    -std=c++98 -o CMakeFiles/cmTC_2fa6b.dir/feature_tests.cxx.o -c /net/ohm/export/cdgc/michael/EDA/asyncvlsi/PhyDB/build/CMakeFiles/feature_tests.cxx
Linking CXX executable cmTC_2fa6b
/usr/bin/cmake -E cmake_link_script CMakeFiles/cmTC_2fa6b.dir/link.txt --verbose=1
/opt/apps/ossw/applications/gcc/gcc-8.2/ubt18/bin/g++       CMakeFiles/cmTC_2fa6b.dir/feature_tests.cxx.o  -o cmTC_2fa6b 
make[1]: Leaving directory '/net/ohm/export/cdgc/michael/EDA/asyncvlsi/PhyDB/build/CMakeFiles/CMakeTmp'


    Feature record: CXX_FEATURE:0cxx_aggregate_default_initializers
    Feature record: CXX_FEATURE:0cxx_alias_templates
    Feature record: CXX_FEATURE:0cxx_alignas
    Feature record: CXX_FEATURE:0cxx_alignof
    Feature record: CXX_FEATURE:0cxx_attributes
    Feature record: CXX_FEATURE:0cxx_attribute_deprecated
    Feature record: CXX_FEATURE:0cxx_auto_type
    Feature record: CXX_FEATURE:0cxx_binary_literals
    Feature record: CXX_FEATURE:0cxx_constexpr
    Feature record: CXX_FEATURE:0cxx_contextual_conversions
    Feature record: CXX_FEATURE:0cxx_decltype
    Feature record: CXX_FEATURE:0cxx_decltype_auto
    Feature record: CXX_FEATURE:0cxx_decltype_incomplete_return_types
    Feature record: CXX_FEATURE:0cxx_default_function_template_args
    Feature record: CXX_FEATURE:0cxx_defaulted_functions
    Feature record: CXX_FEATURE:0cxx_defaulted_move_initializers
    Feature record: CXX_FEATURE:0cxx_delegating_constructors
    Feature record: CXX_FEATURE:0cxx_deleted_functions
    Feature record: CXX_FEATURE:0cxx_digit_separators
    Feature record: CXX_FEATURE:0cxx_enum_forward_declarations
    Feature record: CXX_FEATURE:0cxx_explicit_conversions
    Feature record: CXX_FEATURE:0cxx_extended_friend_declarations
    Feature record: CXX_FEATURE:0cxx_extern_templates
    Feature record: CXX_FEATURE:0cxx_final
    Feature record: CXX_FEATURE:0cxx_func_identifier
    Feature record: CXX_FEATURE:0cxx_generalized_initializers
    Feature record: CXX_FEATURE:0cxx_generic_lambdas
    Feature record: CXX_FEATURE:0cxx_inheriting_constructors
    Feature record: CXX_FEATURE:0cxx_inline_namespaces
    Feature record: CXX_FEATURE:0cxx_lambdas
    Feature record: CXX_FEATURE:0cxx_lambda_init_captures
    Feature record: CXX_FEATURE:0cxx_local_type_template_args
    Feature record: CXX_FEATURE:0cxx_long_long_type
    Feature record: CXX_FEATURE:0cxx_noexcept
    Feature record: CXX_FEATURE:0cxx_nonstatic_member_init
    Feature record: CXX_FEATURE:0cxx_nullptr
    Feature record: CXX_FEATURE:0cxx_override
    Feature record: CXX_FEATURE:0cxx_range_for
    Feature record: CXX_FEATURE:0cxx_raw_string_literals
    Feature record: CXX_FEATURE:0cxx_reference_qualified_functions
    Feature record: CXX_FEATURE:0cxx_relaxed_constexpr
    Feature record: CXX_FEATURE:0cxx_return_type_deduction
    Feature record: CXX_FEATURE:0cxx_right_angle_brackets
    Feature record: CXX_FEATURE:0cxx_rvalue_references
    Feature record: CXX_FEATURE:0cxx_sizeof_member
    Feature record: CXX_FEATURE:0cxx_static_assert
    Feature record: CXX_FEATURE:0cxx_strong_enums
    Feature record: CXX_FEATURE:1cxx_template_template_parameters
    Feature record: CXX_FEATURE:0cxx_thread_local
    Feature record: CXX_FEATURE:0cxx_trailing_return_types
    Feature record: CXX_FEATURE:0cxx_unicode_literals
    Feature record: CXX_FEATURE:0cxx_uniform_initialization
    Feature record: CXX_FEATURE:0cxx_unrestricted_unions
    Feature record: CXX_FEATURE:0cxx_user_literals
    Feature record: CXX_FEATURE:0cxx_variable_templates
    Feature record: CXX_FEATURE:0cxx_variadic_macros
    Feature record: CXX_FEATURE:0cxx_variadic_templates
